[ INFO ] [2018-10-31 10:30:31] com.github.ontio.OntsynhandlerApplication [50] - Starting OntsynhandlerApplication on sss.local with PID 6657 (/Users/sss/dev/localgit/javaProject/ontology-explorer/back-end-projects/OntSynHandler/target/classes started by sss in /Users/sss/dev/localgit/javaProject/ontology-explorer/back-end-projects/OntSynHandler)
[ INFO ] [2018-10-31 10:30:31] com.github.ontio.OntsynhandlerApplication [663] - The following profiles are active: uat
[ INFO ] [2018-10-31 10:30:31] org.springframework.boot.web.servlet.context.AnnotationConfigServletWebServerApplicationContext [590] - Refreshing org.springframework.boot.web.servlet.context.AnnotationConfigServletWebServerApplicationContext@479d31f3: startup date [Wed Oct 31 10:30:31 CST 2018]; root of context hierarchy
[ INFO ] [2018-10-31 10:30:32] org.springframework.context.support.PostProcessorRegistrationDelegate$BeanPostProcessorChecker [328] - Bean 'org.springframework.ws.config.annotation.DelegatingWsConfiguration' of type [org.springframework.ws.config.annotation.DelegatingWsConfiguration$$EnhancerBySpringCGLIB$$873fabe3] is not eligible for getting processed by all BeanPostProcessors (for example: not eligible for auto-proxying)
[ INFO ] [2018-10-31 10:30:32] org.springframework.ws.soap.addressing.server.AnnotationActionEndpointMapping [236] - Supporting [WS-Addressing August 2004, WS-Addressing 1.0]
[ INFO ] [2018-10-31 10:30:32] org.springframework.boot.web.embedded.tomcat.TomcatWebServer [91] - Tomcat initialized with port(s): 20001 (http)
[ INFO ] [2018-10-31 10:30:32] org.apache.coyote.http11.Http11NioProtocol [180] - Initializing ProtocolHandler ["http-nio-20001"]
[ INFO ] [2018-10-31 10:30:32] org.apache.catalina.core.StandardService [180] - Starting service [Tomcat]
[ INFO ] [2018-10-31 10:30:32] org.apache.catalina.core.StandardEngine [180] - Starting Servlet Engine: Apache Tomcat/8.5.31
[ INFO ] [2018-10-31 10:30:32] org.apache.catalina.core.AprLifecycleListener [180] - The APR based Apache Tomcat Native library which allows optimal performance in production environments was not found on the java.library.path: [/Users/sss/Library/Java/Extensions:/Library/Java/Extensions:/Network/Library/Java/Extensions:/System/Library/Java/Extensions:/usr/lib/java:.]
[ INFO ] [2018-10-31 10:30:32] org.apache.catalina.core.ContainerBase.[Tomcat].[localhost].[/] [180] - Initializing Spring embedded WebApplicationContext
[ INFO ] [2018-10-31 10:30:32] org.springframework.web.context.ContextLoader [285] - Root WebApplicationContext: initialization completed in 1516 ms
[ INFO ] [2018-10-31 10:30:32] org.springframework.boot.web.servlet.ServletRegistrationBean [186] - Servlet dispatcherServlet mapped to [/]
[ INFO ] [2018-10-31 10:30:32] org.springframework.boot.web.servlet.ServletRegistrationBean [186] - Servlet messageDispatcherServlet mapped to [/services/*]
[ INFO ] [2018-10-31 10:30:32] org.springframework.boot.web.servlet.FilterRegistrationBean [245] - Mapping filter: 'characterEncodingFilter' to: [/*]
[ INFO ] [2018-10-31 10:30:32] org.springframework.boot.web.servlet.FilterRegistrationBean [245] - Mapping filter: 'hiddenHttpMethodFilter' to: [/*]
[ INFO ] [2018-10-31 10:30:32] org.springframework.boot.web.servlet.FilterRegistrationBean [245] - Mapping filter: 'httpPutFormContentFilter' to: [/*]
[ INFO ] [2018-10-31 10:30:32] org.springframework.boot.web.servlet.FilterRegistrationBean [245] - Mapping filter: 'requestContextFilter' to: [/*]
[ WARN ] [2018-10-31 10:30:32] org.springframework.boot.web.servlet.context.AnnotationConfigServletWebServerApplicationContext [558] - Exception encountered during context initialization - cancelling refresh attempt: org.springframework.beans.factory.UnsatisfiedDependencyException: Error creating bean with name 'ontsynhandlerApplication': Unsatisfied dependency expressed through field 'configParam'; nested exception is org.springframework.beans.factory.BeanCreationException: Error creating bean with name 'ConfigParam': Injection of autowired dependencies failed; nested exception is java.lang.IllegalArgumentException: Could not resolve placeholder 'oep8.pumpkin.codeHash' in value "${oep8.pumpkin.codeHash}"
[ INFO ] [2018-10-31 10:30:32] org.apache.catalina.core.StandardService [180] - Stopping service [Tomcat]
[ INFO ] [2018-10-31 10:30:32] org.springframework.boot.autoconfigure.logging.ConditionEvaluationReportLoggingListener [101] - 

Error starting ApplicationContext. To display the conditions report re-run your application with 'debug' enabled.
[ ERROR] [2018-10-31 10:30:32] org.springframework.boot.SpringApplication [842] - Application run failed
org.springframework.beans.factory.UnsatisfiedDependencyException: Error creating bean with name 'ontsynhandlerApplication': Unsatisfied dependency expressed through field 'configParam'; nested exception is org.springframework.beans.factory.BeanCreationException: Error creating bean with name 'ConfigParam': Injection of autowired dependencies failed; nested exception is java.lang.IllegalArgumentException: Could not resolve placeholder 'oep8.pumpkin.codeHash' in value "${oep8.pumpkin.codeHash}"
	at org.springframework.beans.factory.annotation.AutowiredAnnotationBeanPostProcessor$AutowiredFieldElement.inject(AutowiredAnnotationBeanPostProcessor.java:587)
	at org.springframework.beans.factory.annotation.InjectionMetadata.inject(InjectionMetadata.java:91)
	at org.springframework.beans.factory.annotation.AutowiredAnnotationBeanPostProcessor.postProcessPropertyValues(AutowiredAnnotationBeanPostProcessor.java:373)
	at org.springframework.beans.factory.support.AbstractAutowireCapableBeanFactory.populateBean(AbstractAutowireCapableBeanFactory.java:1350)
	at org.springframework.beans.factory.support.AbstractAutowireCapableBeanFactory.doCreateBean(AbstractAutowireCapableBeanFactory.java:580)
	at org.springframework.beans.factory.support.AbstractAutowireCapableBeanFactory.createBean(AbstractAutowireCapableBeanFactory.java:503)
	at org.springframework.beans.factory.support.AbstractBeanFactory.lambda$doGetBean$0(AbstractBeanFactory.java:317)
	at org.springframework.beans.factory.support.DefaultSingletonBeanRegistry.getSingleton(DefaultSingletonBeanRegistry.java:222)
	at org.springframework.beans.factory.support.AbstractBeanFactory.doGetBean(AbstractBeanFactory.java:315)
	at org.springframework.beans.factory.support.AbstractBeanFactory.getBean(AbstractBeanFactory.java:199)
	at org.springframework.beans.factory.support.DefaultListableBeanFactory.preInstantiateSingletons(DefaultListableBeanFactory.java:760)
	at org.springframework.context.support.AbstractApplicationContext.finishBeanFactoryInitialization(AbstractApplicationContext.java:869)
	at org.springframework.context.support.AbstractApplicationContext.refresh(AbstractApplicationContext.java:550)
	at org.springframework.boot.web.servlet.context.ServletWebServerApplicationContext.refresh(ServletWebServerApplicationContext.java:140)
	at org.springframework.boot.SpringApplication.refresh(SpringApplication.java:759)
	at org.springframework.boot.SpringApplication.refreshContext(SpringApplication.java:395)
	at org.springframework.boot.SpringApplication.run(SpringApplication.java:327)
	at org.springframework.boot.SpringApplication.run(SpringApplication.java:1255)
	at org.springframework.boot.SpringApplication.run(SpringApplication.java:1243)
	at com.github.ontio.OntsynhandlerApplication.main(OntsynhandlerApplication.java:59)
Caused by: org.springframework.beans.factory.BeanCreationException: Error creating bean with name 'ConfigParam': Injection of autowired dependencies failed; nested exception is java.lang.IllegalArgumentException: Could not resolve placeholder 'oep8.pumpkin.codeHash' in value "${oep8.pumpkin.codeHash}"
	at org.springframework.beans.factory.annotation.AutowiredAnnotationBeanPostProcessor.postProcessPropertyValues(AutowiredAnnotationBeanPostProcessor.java:379)
	at org.springframework.beans.factory.support.AbstractAutowireCapableBeanFactory.populateBean(AbstractAutowireCapableBeanFactory.java:1350)
	at org.springframework.beans.factory.support.AbstractAutowireCapableBeanFactory.doCreateBean(AbstractAutowireCapableBeanFactory.java:580)
	at org.springframework.beans.factory.support.AbstractAutowireCapableBeanFactory.createBean(AbstractAutowireCapableBeanFactory.java:503)
	at org.springframework.beans.factory.support.AbstractBeanFactory.lambda$doGetBean$0(AbstractBeanFactory.java:317)
	at org.springframework.beans.factory.support.DefaultSingletonBeanRegistry.getSingleton(DefaultSingletonBeanRegistry.java:222)
	at org.springframework.beans.factory.support.AbstractBeanFactory.doGetBean(AbstractBeanFactory.java:315)
	at org.springframework.beans.factory.support.AbstractBeanFactory.getBean(AbstractBeanFactory.java:199)
	at org.springframework.beans.factory.config.DependencyDescriptor.resolveCandidate(DependencyDescriptor.java:251)
	at org.springframework.beans.factory.support.DefaultListableBeanFactory.doResolveDependency(DefaultListableBeanFactory.java:1138)
	at org.springframework.beans.factory.support.DefaultListableBeanFactory.resolveDependency(DefaultListableBeanFactory.java:1065)
	at org.springframework.beans.factory.annotation.AutowiredAnnotationBeanPostProcessor$AutowiredFieldElement.inject(AutowiredAnnotationBeanPostProcessor.java:584)
	... 19 common frames omitted
Caused by: java.lang.IllegalArgumentException: Could not resolve placeholder 'oep8.pumpkin.codeHash' in value "${oep8.pumpkin.codeHash}"
	at org.springframework.util.PropertyPlaceholderHelper.parseStringValue(PropertyPlaceholderHelper.java:172)
	at org.springframework.util.PropertyPlaceholderHelper.replacePlaceholders(PropertyPlaceholderHelper.java:124)
	at org.springframework.core.env.AbstractPropertyResolver.doResolvePlaceholders(AbstractPropertyResolver.java:237)
	at org.springframework.core.env.AbstractPropertyResolver.resolveRequiredPlaceholders(AbstractPropertyResolver.java:211)
	at org.springframework.context.support.PropertySourcesPlaceholderConfigurer.lambda$processProperties$0(PropertySourcesPlaceholderConfigurer.java:175)
	at org.springframework.beans.factory.support.AbstractBeanFactory.resolveEmbeddedValue(AbstractBeanFactory.java:839)
	at org.springframework.beans.factory.support.DefaultListableBeanFactory.doResolveDependency(DefaultListableBeanFactory.java:1086)
	at org.springframework.beans.factory.support.DefaultListableBeanFactory.resolveDependency(DefaultListableBeanFactory.java:1065)
	at org.springframework.beans.factory.annotation.AutowiredAnnotationBeanPostProcessor$AutowiredFieldElement.inject(AutowiredAnnotationBeanPostProcessor.java:584)
	at org.springframework.beans.factory.annotation.InjectionMetadata.inject(InjectionMetadata.java:91)
	at org.springframework.beans.factory.annotation.AutowiredAnnotationBeanPostProcessor.postProcessPropertyValues(AutowiredAnnotationBeanPostProcessor.java:373)
	... 30 common frames omitted
[ INFO ] [2018-10-31 10:34:03] com.github.ontio.OntsynhandlerApplication [50] - Starting OntsynhandlerApplication on sss.local with PID 6674 (/Users/sss/dev/localgit/javaProject/ontology-explorer/back-end-projects/OntSynHandler/target/classes started by sss in /Users/sss/dev/localgit/javaProject/ontology-explorer/back-end-projects/OntSynHandler)
[ INFO ] [2018-10-31 10:34:03] com.github.ontio.OntsynhandlerApplication [663] - The following profiles are active: uat
[ INFO ] [2018-10-31 10:34:03] org.springframework.boot.web.servlet.context.AnnotationConfigServletWebServerApplicationContext [590] - Refreshing org.springframework.boot.web.servlet.context.AnnotationConfigServletWebServerApplicationContext@333291e3: startup date [Wed Oct 31 10:34:03 CST 2018]; root of context hierarchy
[ INFO ] [2018-10-31 10:34:04] org.springframework.context.support.PostProcessorRegistrationDelegate$BeanPostProcessorChecker [328] - Bean 'org.springframework.ws.config.annotation.DelegatingWsConfiguration' of type [org.springframework.ws.config.annotation.DelegatingWsConfiguration$$EnhancerBySpringCGLIB$$cdb3b9b2] is not eligible for getting processed by all BeanPostProcessors (for example: not eligible for auto-proxying)
[ INFO ] [2018-10-31 10:34:04] org.springframework.ws.soap.addressing.server.AnnotationActionEndpointMapping [236] - Supporting [WS-Addressing August 2004, WS-Addressing 1.0]
[ INFO ] [2018-10-31 10:34:04] org.springframework.boot.web.embedded.tomcat.TomcatWebServer [91] - Tomcat initialized with port(s): 20001 (http)
[ INFO ] [2018-10-31 10:34:04] org.apache.coyote.http11.Http11NioProtocol [180] - Initializing ProtocolHandler ["http-nio-20001"]
[ INFO ] [2018-10-31 10:34:04] org.apache.catalina.core.StandardService [180] - Starting service [Tomcat]
[ INFO ] [2018-10-31 10:34:04] org.apache.catalina.core.StandardEngine [180] - Starting Servlet Engine: Apache Tomcat/8.5.31
[ INFO ] [2018-10-31 10:34:04] org.apache.catalina.core.AprLifecycleListener [180] - The APR based Apache Tomcat Native library which allows optimal performance in production environments was not found on the java.library.path: [/Users/sss/Library/Java/Extensions:/Library/Java/Extensions:/Network/Library/Java/Extensions:/System/Library/Java/Extensions:/usr/lib/java:.]
[ INFO ] [2018-10-31 10:34:04] org.apache.catalina.core.ContainerBase.[Tomcat].[localhost].[/] [180] - Initializing Spring embedded WebApplicationContext
[ INFO ] [2018-10-31 10:34:04] org.springframework.web.context.ContextLoader [285] - Root WebApplicationContext: initialization completed in 1461 ms
[ INFO ] [2018-10-31 10:34:04] org.springframework.boot.web.servlet.ServletRegistrationBean [186] - Servlet dispatcherServlet mapped to [/]
[ INFO ] [2018-10-31 10:34:04] org.springframework.boot.web.servlet.ServletRegistrationBean [186] - Servlet messageDispatcherServlet mapped to [/services/*]
[ INFO ] [2018-10-31 10:34:04] org.springframework.boot.web.servlet.FilterRegistrationBean [245] - Mapping filter: 'characterEncodingFilter' to: [/*]
[ INFO ] [2018-10-31 10:34:04] org.springframework.boot.web.servlet.FilterRegistrationBean [245] - Mapping filter: 'hiddenHttpMethodFilter' to: [/*]
[ INFO ] [2018-10-31 10:34:04] org.springframework.boot.web.servlet.FilterRegistrationBean [245] - Mapping filter: 'httpPutFormContentFilter' to: [/*]
[ INFO ] [2018-10-31 10:34:04] org.springframework.boot.web.servlet.FilterRegistrationBean [245] - Mapping filter: 'requestContextFilter' to: [/*]
[ INFO ] [2018-10-31 10:34:05] com.github.ontio.thread.BlockHandlerThread [70] - ========BlockHandlerThread.run=======
[ INFO ] [2018-10-31 10:34:05] com.github.ontio.OntsynhandlerApplication [32] - ########taskExecutor#########
[ INFO ] [2018-10-31 10:34:05] org.springframework.scheduling.concurrent.ThreadPoolTaskExecutor [171] - Initializing ExecutorService 
[ INFO ] [2018-10-31 10:34:05] org.springframework.scheduling.concurrent.ThreadPoolTaskExecutor [171] - Initializing ExecutorService  'taskExecutor'
[ ERROR] [2018-10-31 10:34:05] com.github.ontio.thread.BlockHandlerThread [146] - getBlockHeight error, try again...restful:http://127.0.0.1:20334,error:
com.github.ontio.network.exception.RestfulException: {"Desc":"Interfaces Error,connect error:","Error":58402}http://127.0.0.1:20334
	at com.github.ontio.network.rest.Interfaces.getBlockHeight(Interfaces.java:89)
	at com.github.ontio.network.rest.RestClient.getBlockHeight(RestClient.java:95)
	at com.github.ontio.sdk.manager.ConnectMgr.getBlockHeight(ConnectMgr.java:201)
	at com.github.ontio.thread.BlockHandlerThread.getRemoteBlockHeight(BlockHandlerThread.java:143)
	at com.github.ontio.thread.BlockHandlerThread.run(BlockHandlerThread.java:82)
Caused by: java.net.ConnectException: Connection refused (Connection refused)
	at java.net.PlainSocketImpl.socketConnect(Native Method)
	at java.net.AbstractPlainSocketImpl.doConnect(AbstractPlainSocketImpl.java:350)
	at java.net.AbstractPlainSocketImpl.connectToAddress(AbstractPlainSocketImpl.java:206)
	at java.net.AbstractPlainSocketImpl.connect(AbstractPlainSocketImpl.java:188)
	at java.net.SocksSocketImpl.connect(SocksSocketImpl.java:392)
	at java.net.Socket.connect(Socket.java:589)
	at sun.net.NetworkClient.doConnect(NetworkClient.java:175)
	at sun.net.www.http.HttpClient.openServer(HttpClient.java:432)
	at sun.net.www.http.HttpClient.openServer(HttpClient.java:527)
	at sun.net.www.http.HttpClient.<init>(HttpClient.java:211)
	at sun.net.www.http.HttpClient.New(HttpClient.java:308)
	at sun.net.www.http.HttpClient.New(HttpClient.java:326)
	at sun.net.www.protocol.http.HttpURLConnection.getNewHttpClient(HttpURLConnection.java:1202)
	at sun.net.www.protocol.http.HttpURLConnection.plainConnect0(HttpURLConnection.java:1138)
	at sun.net.www.protocol.http.HttpURLConnection.plainConnect(HttpURLConnection.java:1032)
	at sun.net.www.protocol.http.HttpURLConnection.connect(HttpURLConnection.java:966)
	at com.github.ontio.network.rest.http.get(http.java:161)
	at com.github.ontio.network.rest.http.get(http.java:190)
	at com.github.ontio.network.rest.Interfaces.getBlockHeight(Interfaces.java:87)
	... 4 common frames omitted
[ INFO ] [2018-10-31 10:34:05] org.springframework.web.servlet.handler.SimpleUrlHandlerMapping [373] - Mapped URL path [/**/favicon.ico] onto handler of type [class org.springframework.web.servlet.resource.ResourceHttpRequestHandler]
[ INFO ] [2018-10-31 10:34:05] org.springframework.web.servlet.mvc.method.annotation.RequestMappingHandlerAdapter [574] - Looking for @ControllerAdvice: org.springframework.boot.web.servlet.context.AnnotationConfigServletWebServerApplicationContext@333291e3: startup date [Wed Oct 31 10:34:03 CST 2018]; root of context hierarchy
[ INFO ] [2018-10-31 10:34:05] org.springframework.web.servlet.mvc.method.annotation.RequestMappingHandlerMapping [547] - Mapped "{[/error]}" onto public org.springframework.http.ResponseEntity<java.util.Map<java.lang.String, java.lang.Object>> org.springframework.boot.autoconfigure.web.servlet.error.BasicErrorController.error(javax.servlet.http.HttpServletRequest)
[ INFO ] [2018-10-31 10:34:05] org.springframework.web.servlet.mvc.method.annotation.RequestMappingHandlerMapping [547] - Mapped "{[/error],produces=[text/html]}" onto public org.springframework.web.servlet.ModelAndView org.springframework.boot.autoconfigure.web.servlet.error.BasicErrorController.errorHtml(javax.servlet.http.HttpServletRequest,javax.servlet.http.HttpServletResponse)
[ INFO ] [2018-10-31 10:34:05] org.springframework.web.servlet.handler.SimpleUrlHandlerMapping [373] - Mapped URL path [/webjars/**] onto handler of type [class org.springframework.web.servlet.resource.ResourceHttpRequestHandler]
[ INFO ] [2018-10-31 10:34:05] org.springframework.web.servlet.handler.SimpleUrlHandlerMapping [373] - Mapped URL path [/**] onto handler of type [class org.springframework.web.servlet.resource.ResourceHttpRequestHandler]
[ INFO ] [2018-10-31 10:34:06] org.springframework.jmx.export.annotation.AnnotationMBeanExporter [433] - Registering beans for JMX exposure on startup
[ INFO ] [2018-10-31 10:34:06] org.springframework.jmx.export.annotation.AnnotationMBeanExporter [895] - Bean with name 'dataSource' has been autodetected for JMX exposure
[ INFO ] [2018-10-31 10:34:06] org.springframework.jmx.export.annotation.AnnotationMBeanExporter [668] - Located MBean 'dataSource': registering with JMX server as MBean [com.zaxxer.hikari:name=dataSource,type=HikariDataSource]
[ INFO ] [2018-10-31 10:34:06] org.apache.coyote.http11.Http11NioProtocol [180] - Starting ProtocolHandler ["http-nio-20001"]
[ INFO ] [2018-10-31 10:34:06] org.apache.tomcat.util.net.NioSelectorPool [180] - Using a shared selector for servlet write/read
[ INFO ] [2018-10-31 10:34:06] org.springframework.boot.web.embedded.tomcat.TomcatWebServer [206] - Tomcat started on port(s): 20001 (http) with context path ''
[ INFO ] [2018-10-31 10:34:06] com.github.ontio.OntsynhandlerApplication [59] - Started OntsynhandlerApplication in 3.784 seconds (JVM running for 4.257)
[ ERROR] [2018-10-31 10:34:06] com.github.ontio.thread.BlockHandlerThread [146] - getBlockHeight error, try again...restful:http://127.0.0.1:20334,error:
com.github.ontio.network.exception.RestfulException: {"Desc":"Interfaces Error,connect error:","Error":58402}http://127.0.0.1:20334
	at com.github.ontio.network.rest.Interfaces.getBlockHeight(Interfaces.java:89)
	at com.github.ontio.network.rest.RestClient.getBlockHeight(RestClient.java:95)
	at com.github.ontio.sdk.manager.ConnectMgr.getBlockHeight(ConnectMgr.java:201)
	at com.github.ontio.thread.BlockHandlerThread.getRemoteBlockHeight(BlockHandlerThread.java:143)
	at com.github.ontio.thread.BlockHandlerThread.run(BlockHandlerThread.java:82)
Caused by: java.net.ConnectException: Connection refused (Connection refused)
	at java.net.PlainSocketImpl.socketConnect(Native Method)
	at java.net.AbstractPlainSocketImpl.doConnect(AbstractPlainSocketImpl.java:350)
	at java.net.AbstractPlainSocketImpl.connectToAddress(AbstractPlainSocketImpl.java:206)
	at java.net.AbstractPlainSocketImpl.connect(AbstractPlainSocketImpl.java:188)
	at java.net.SocksSocketImpl.connect(SocksSocketImpl.java:392)
	at java.net.Socket.connect(Socket.java:589)
	at sun.net.NetworkClient.doConnect(NetworkClient.java:175)
	at sun.net.www.http.HttpClient.openServer(HttpClient.java:432)
	at sun.net.www.http.HttpClient.openServer(HttpClient.java:527)
	at sun.net.www.http.HttpClient.<init>(HttpClient.java:211)
	at sun.net.www.http.HttpClient.New(HttpClient.java:308)
	at sun.net.www.http.HttpClient.New(HttpClient.java:326)
	at sun.net.www.protocol.http.HttpURLConnection.getNewHttpClient(HttpURLConnection.java:1202)
	at sun.net.www.protocol.http.HttpURLConnection.plainConnect0(HttpURLConnection.java:1138)
	at sun.net.www.protocol.http.HttpURLConnection.plainConnect(HttpURLConnection.java:1032)
	at sun.net.www.protocol.http.HttpURLConnection.connect(HttpURLConnection.java:966)
	at com.github.ontio.network.rest.http.get(http.java:161)
	at com.github.ontio.network.rest.http.get(http.java:190)
	at com.github.ontio.network.rest.Interfaces.getBlockHeight(Interfaces.java:87)
	... 4 common frames omitted
[ ERROR] [2018-10-31 10:34:07] com.github.ontio.thread.BlockHandlerThread [146] - getBlockHeight error, try again...restful:http://127.0.0.1:20334,error:
com.github.ontio.network.exception.RestfulException: {"Desc":"Interfaces Error,connect error:","Error":58402}http://127.0.0.1:20334
	at com.github.ontio.network.rest.Interfaces.getBlockHeight(Interfaces.java:89)
	at com.github.ontio.network.rest.RestClient.getBlockHeight(RestClient.java:95)
	at com.github.ontio.sdk.manager.ConnectMgr.getBlockHeight(ConnectMgr.java:201)
	at com.github.ontio.thread.BlockHandlerThread.getRemoteBlockHeight(BlockHandlerThread.java:143)
	at com.github.ontio.thread.BlockHandlerThread.run(BlockHandlerThread.java:82)
Caused by: java.net.ConnectException: Connection refused (Connection refused)
	at java.net.PlainSocketImpl.socketConnect(Native Method)
	at java.net.AbstractPlainSocketImpl.doConnect(AbstractPlainSocketImpl.java:350)
	at java.net.AbstractPlainSocketImpl.connectToAddress(AbstractPlainSocketImpl.java:206)
	at java.net.AbstractPlainSocketImpl.connect(AbstractPlainSocketImpl.java:188)
	at java.net.SocksSocketImpl.connect(SocksSocketImpl.java:392)
	at java.net.Socket.connect(Socket.java:589)
	at sun.net.NetworkClient.doConnect(NetworkClient.java:175)
	at sun.net.www.http.HttpClient.openServer(HttpClient.java:432)
	at sun.net.www.http.HttpClient.openServer(HttpClient.java:527)
	at sun.net.www.http.HttpClient.<init>(HttpClient.java:211)
	at sun.net.www.http.HttpClient.New(HttpClient.java:308)
	at sun.net.www.http.HttpClient.New(HttpClient.java:326)
	at sun.net.www.protocol.http.HttpURLConnection.getNewHttpClient(HttpURLConnection.java:1202)
	at sun.net.www.protocol.http.HttpURLConnection.plainConnect0(HttpURLConnection.java:1138)
	at sun.net.www.protocol.http.HttpURLConnection.plainConnect(HttpURLConnection.java:1032)
	at sun.net.www.protocol.http.HttpURLConnection.connect(HttpURLConnection.java:966)
	at com.github.ontio.network.rest.http.get(http.java:161)
	at com.github.ontio.network.rest.http.get(http.java:190)
	at com.github.ontio.network.rest.Interfaces.getBlockHeight(Interfaces.java:87)
	... 4 common frames omitted
[ INFO ] [2018-10-31 10:34:08] org.springframework.boot.web.servlet.context.AnnotationConfigServletWebServerApplicationContext [993] - Closing org.springframework.boot.web.servlet.context.AnnotationConfigServletWebServerApplicationContext@333291e3: startup date [Wed Oct 31 10:34:03 CST 2018]; root of context hierarchy
[ INFO ] [2018-10-31 10:34:08] org.springframework.jmx.export.annotation.AnnotationMBeanExporter [451] - Unregistering JMX-exposed beans on shutdown
[ INFO ] [2018-10-31 10:34:08] org.springframework.jmx.export.annotation.AnnotationMBeanExporter [183] - Unregistering JMX-exposed beans
[ INFO ] [2018-10-31 10:34:08] org.springframework.scheduling.concurrent.ThreadPoolTaskExecutor [208] - Shutting down ExecutorService 'taskExecutor'
[ INFO ] [2018-10-31 11:06:15] com.github.ontio.OntsynhandlerApplication [50] - Starting OntsynhandlerApplication on sss.local with PID 6682 (/Users/sss/dev/localgit/javaProject/ontology-explorer/back-end-projects/OntSynHandler/target/classes started by sss in /Users/sss/dev/localgit/javaProject/ontology-explorer/back-end-projects/OntSynHandler)
[ INFO ] [2018-10-31 11:06:15] com.github.ontio.OntsynhandlerApplication [663] - The following profiles are active: uat
[ INFO ] [2018-10-31 11:06:15] org.springframework.boot.web.servlet.context.AnnotationConfigServletWebServerApplicationContext [590] - Refreshing org.springframework.boot.web.servlet.context.AnnotationConfigServletWebServerApplicationContext@384ad17b: startup date [Wed Oct 31 11:06:15 CST 2018]; root of context hierarchy
[ INFO ] [2018-10-31 11:06:16] org.springframework.context.support.PostProcessorRegistrationDelegate$BeanPostProcessorChecker [328] - Bean 'org.springframework.ws.config.annotation.DelegatingWsConfiguration' of type [org.springframework.ws.config.annotation.DelegatingWsConfiguration$$EnhancerBySpringCGLIB$$b6590bde] is not eligible for getting processed by all BeanPostProcessors (for example: not eligible for auto-proxying)
[ INFO ] [2018-10-31 11:06:16] org.springframework.ws.soap.addressing.server.AnnotationActionEndpointMapping [236] - Supporting [WS-Addressing August 2004, WS-Addressing 1.0]
[ INFO ] [2018-10-31 11:06:16] org.springframework.boot.web.embedded.tomcat.TomcatWebServer [91] - Tomcat initialized with port(s): 20001 (http)
[ INFO ] [2018-10-31 11:06:16] org.apache.coyote.http11.Http11NioProtocol [180] - Initializing ProtocolHandler ["http-nio-20001"]
[ INFO ] [2018-10-31 11:06:16] org.apache.catalina.core.StandardService [180] - Starting service [Tomcat]
[ INFO ] [2018-10-31 11:06:16] org.apache.catalina.core.StandardEngine [180] - Starting Servlet Engine: Apache Tomcat/8.5.31
[ INFO ] [2018-10-31 11:06:16] org.apache.catalina.core.AprLifecycleListener [180] - The APR based Apache Tomcat Native library which allows optimal performance in production environments was not found on the java.library.path: [/Users/sss/Library/Java/Extensions:/Library/Java/Extensions:/Network/Library/Java/Extensions:/System/Library/Java/Extensions:/usr/lib/java:.]
[ INFO ] [2018-10-31 11:06:17] org.apache.catalina.core.ContainerBase.[Tomcat].[localhost].[/] [180] - Initializing Spring embedded WebApplicationContext
[ INFO ] [2018-10-31 11:06:17] org.springframework.web.context.ContextLoader [285] - Root WebApplicationContext: initialization completed in 1548 ms
[ INFO ] [2018-10-31 11:06:17] org.springframework.boot.web.servlet.ServletRegistrationBean [186] - Servlet dispatcherServlet mapped to [/]
[ INFO ] [2018-10-31 11:06:17] org.springframework.boot.web.servlet.ServletRegistrationBean [186] - Servlet messageDispatcherServlet mapped to [/services/*]
[ INFO ] [2018-10-31 11:06:17] org.springframework.boot.web.servlet.FilterRegistrationBean [245] - Mapping filter: 'characterEncodingFilter' to: [/*]
[ INFO ] [2018-10-31 11:06:17] org.springframework.boot.web.servlet.FilterRegistrationBean [245] - Mapping filter: 'hiddenHttpMethodFilter' to: [/*]
[ INFO ] [2018-10-31 11:06:17] org.springframework.boot.web.servlet.FilterRegistrationBean [245] - Mapping filter: 'httpPutFormContentFilter' to: [/*]
[ INFO ] [2018-10-31 11:06:17] org.springframework.boot.web.servlet.FilterRegistrationBean [245] - Mapping filter: 'requestContextFilter' to: [/*]
[ INFO ] [2018-10-31 11:06:17] com.github.ontio.thread.BlockHandlerThread [70] - ========BlockHandlerThread.run=======
[ INFO ] [2018-10-31 11:06:17] com.github.ontio.OntsynhandlerApplication [31] - ########taskExecutor#########
[ INFO ] [2018-10-31 11:06:17] org.springframework.scheduling.concurrent.ThreadPoolTaskExecutor [171] - Initializing ExecutorService 
[ INFO ] [2018-10-31 11:06:17] org.springframework.scheduling.concurrent.ThreadPoolTaskExecutor [171] - Initializing ExecutorService  'taskExecutor'
[ ERROR] [2018-10-31 11:06:17] com.github.ontio.thread.BlockHandlerThread [146] - getBlockHeight error, try again...restful:http://127.0.0.1:20334,error:
com.github.ontio.network.exception.RestfulException: {"Desc":"Interfaces Error,connect error:","Error":58402}http://127.0.0.1:20334
	at com.github.ontio.network.rest.Interfaces.getBlockHeight(Interfaces.java:89)
	at com.github.ontio.network.rest.RestClient.getBlockHeight(RestClient.java:95)
	at com.github.ontio.sdk.manager.ConnectMgr.getBlockHeight(ConnectMgr.java:201)
	at com.github.ontio.thread.BlockHandlerThread.getRemoteBlockHeight(BlockHandlerThread.java:143)
	at com.github.ontio.thread.BlockHandlerThread.run(BlockHandlerThread.java:82)
Caused by: java.net.ConnectException: Connection refused (Connection refused)
	at java.net.PlainSocketImpl.socketConnect(Native Method)
	at java.net.AbstractPlainSocketImpl.doConnect(AbstractPlainSocketImpl.java:350)
	at java.net.AbstractPlainSocketImpl.connectToAddress(AbstractPlainSocketImpl.java:206)
	at java.net.AbstractPlainSocketImpl.connect(AbstractPlainSocketImpl.java:188)
	at java.net.SocksSocketImpl.connect(SocksSocketImpl.java:392)
	at java.net.Socket.connect(Socket.java:589)
	at sun.net.NetworkClient.doConnect(NetworkClient.java:175)
	at sun.net.www.http.HttpClient.openServer(HttpClient.java:432)
	at sun.net.www.http.HttpClient.openServer(HttpClient.java:527)
	at sun.net.www.http.HttpClient.<init>(HttpClient.java:211)
	at sun.net.www.http.HttpClient.New(HttpClient.java:308)
	at sun.net.www.http.HttpClient.New(HttpClient.java:326)
	at sun.net.www.protocol.http.HttpURLConnection.getNewHttpClient(HttpURLConnection.java:1202)
	at sun.net.www.protocol.http.HttpURLConnection.plainConnect0(HttpURLConnection.java:1138)
	at sun.net.www.protocol.http.HttpURLConnection.plainConnect(HttpURLConnection.java:1032)
	at sun.net.www.protocol.http.HttpURLConnection.connect(HttpURLConnection.java:966)
	at com.github.ontio.network.rest.http.get(http.java:161)
	at com.github.ontio.network.rest.http.get(http.java:190)
	at com.github.ontio.network.rest.Interfaces.getBlockHeight(Interfaces.java:87)
	... 4 common frames omitted
[ INFO ] [2018-10-31 11:06:17] org.springframework.web.servlet.handler.SimpleUrlHandlerMapping [373] - Mapped URL path [/**/favicon.ico] onto handler of type [class org.springframework.web.servlet.resource.ResourceHttpRequestHandler]
[ INFO ] [2018-10-31 11:06:17] org.springframework.web.servlet.mvc.method.annotation.RequestMappingHandlerAdapter [574] - Looking for @ControllerAdvice: org.springframework.boot.web.servlet.context.AnnotationConfigServletWebServerApplicationContext@384ad17b: startup date [Wed Oct 31 11:06:15 CST 2018]; root of context hierarchy
[ INFO ] [2018-10-31 11:06:17] org.springframework.web.servlet.mvc.method.annotation.RequestMappingHandlerMapping [547] - Mapped "{[/error]}" onto public org.springframework.http.ResponseEntity<java.util.Map<java.lang.String, java.lang.Object>> org.springframework.boot.autoconfigure.web.servlet.error.BasicErrorController.error(javax.servlet.http.HttpServletRequest)
[ INFO ] [2018-10-31 11:06:17] org.springframework.web.servlet.mvc.method.annotation.RequestMappingHandlerMapping [547] - Mapped "{[/error],produces=[text/html]}" onto public org.springframework.web.servlet.ModelAndView org.springframework.boot.autoconfigure.web.servlet.error.BasicErrorController.errorHtml(javax.servlet.http.HttpServletRequest,javax.servlet.http.HttpServletResponse)
[ INFO ] [2018-10-31 11:06:18] org.springframework.web.servlet.handler.SimpleUrlHandlerMapping [373] - Mapped URL path [/webjars/**] onto handler of type [class org.springframework.web.servlet.resource.ResourceHttpRequestHandler]
[ INFO ] [2018-10-31 11:06:18] org.springframework.web.servlet.handler.SimpleUrlHandlerMapping [373] - Mapped URL path [/**] onto handler of type [class org.springframework.web.servlet.resource.ResourceHttpRequestHandler]
[ INFO ] [2018-10-31 11:06:18] org.springframework.jmx.export.annotation.AnnotationMBeanExporter [433] - Registering beans for JMX exposure on startup
[ INFO ] [2018-10-31 11:06:18] org.springframework.jmx.export.annotation.AnnotationMBeanExporter [895] - Bean with name 'dataSource' has been autodetected for JMX exposure
[ INFO ] [2018-10-31 11:06:18] org.springframework.jmx.export.annotation.AnnotationMBeanExporter [668] - Located MBean 'dataSource': registering with JMX server as MBean [com.zaxxer.hikari:name=dataSource,type=HikariDataSource]
[ INFO ] [2018-10-31 11:06:18] org.apache.coyote.http11.Http11NioProtocol [180] - Starting ProtocolHandler ["http-nio-20001"]
[ INFO ] [2018-10-31 11:06:18] org.apache.tomcat.util.net.NioSelectorPool [180] - Using a shared selector for servlet write/read
[ INFO ] [2018-10-31 11:06:18] org.springframework.boot.web.embedded.tomcat.TomcatWebServer [206] - Tomcat started on port(s): 20001 (http) with context path ''
[ INFO ] [2018-10-31 11:06:18] com.github.ontio.OntsynhandlerApplication [59] - Started OntsynhandlerApplication in 3.392 seconds (JVM running for 3.868)
[ ERROR] [2018-10-31 11:06:18] com.github.ontio.thread.BlockHandlerThread [146] - getBlockHeight error, try again...restful:http://127.0.0.1:20334,error:
com.github.ontio.network.exception.RestfulException: {"Desc":"Interfaces Error,connect error:","Error":58402}http://127.0.0.1:20334
	at com.github.ontio.network.rest.Interfaces.getBlockHeight(Interfaces.java:89)
	at com.github.ontio.network.rest.RestClient.getBlockHeight(RestClient.java:95)
	at com.github.ontio.sdk.manager.ConnectMgr.getBlockHeight(ConnectMgr.java:201)
	at com.github.ontio.thread.BlockHandlerThread.getRemoteBlockHeight(BlockHandlerThread.java:143)
	at com.github.ontio.thread.BlockHandlerThread.run(BlockHandlerThread.java:82)
Caused by: java.net.ConnectException: Connection refused (Connection refused)
	at java.net.PlainSocketImpl.socketConnect(Native Method)
	at java.net.AbstractPlainSocketImpl.doConnect(AbstractPlainSocketImpl.java:350)
	at java.net.AbstractPlainSocketImpl.connectToAddress(AbstractPlainSocketImpl.java:206)
	at java.net.AbstractPlainSocketImpl.connect(AbstractPlainSocketImpl.java:188)
	at java.net.SocksSocketImpl.connect(SocksSocketImpl.java:392)
	at java.net.Socket.connect(Socket.java:589)
	at sun.net.NetworkClient.doConnect(NetworkClient.java:175)
	at sun.net.www.http.HttpClient.openServer(HttpClient.java:432)
	at sun.net.www.http.HttpClient.openServer(HttpClient.java:527)
	at sun.net.www.http.HttpClient.<init>(HttpClient.java:211)
	at sun.net.www.http.HttpClient.New(HttpClient.java:308)
	at sun.net.www.http.HttpClient.New(HttpClient.java:326)
	at sun.net.www.protocol.http.HttpURLConnection.getNewHttpClient(HttpURLConnection.java:1202)
	at sun.net.www.protocol.http.HttpURLConnection.plainConnect0(HttpURLConnection.java:1138)
	at sun.net.www.protocol.http.HttpURLConnection.plainConnect(HttpURLConnection.java:1032)
	at sun.net.www.protocol.http.HttpURLConnection.connect(HttpURLConnection.java:966)
	at com.github.ontio.network.rest.http.get(http.java:161)
	at com.github.ontio.network.rest.http.get(http.java:190)
	at com.github.ontio.network.rest.Interfaces.getBlockHeight(Interfaces.java:87)
	... 4 common frames omitted
[ ERROR] [2018-10-31 11:06:19] com.github.ontio.thread.BlockHandlerThread [146] - getBlockHeight error, try again...restful:http://127.0.0.1:20334,error:
com.github.ontio.network.exception.RestfulException: {"Desc":"Interfaces Error,connect error:","Error":58402}http://127.0.0.1:20334
	at com.github.ontio.network.rest.Interfaces.getBlockHeight(Interfaces.java:89)
	at com.github.ontio.network.rest.RestClient.getBlockHeight(RestClient.java:95)
	at com.github.ontio.sdk.manager.ConnectMgr.getBlockHeight(ConnectMgr.java:201)
	at com.github.ontio.thread.BlockHandlerThread.getRemoteBlockHeight(BlockHandlerThread.java:143)
	at com.github.ontio.thread.BlockHandlerThread.run(BlockHandlerThread.java:82)
Caused by: java.net.ConnectException: Connection refused (Connection refused)
	at java.net.PlainSocketImpl.socketConnect(Native Method)
	at java.net.AbstractPlainSocketImpl.doConnect(AbstractPlainSocketImpl.java:350)
	at java.net.AbstractPlainSocketImpl.connectToAddress(AbstractPlainSocketImpl.java:206)
	at java.net.AbstractPlainSocketImpl.connect(AbstractPlainSocketImpl.java:188)
	at java.net.SocksSocketImpl.connect(SocksSocketImpl.java:392)
	at java.net.Socket.connect(Socket.java:589)
	at sun.net.NetworkClient.doConnect(NetworkClient.java:175)
	at sun.net.www.http.HttpClient.openServer(HttpClient.java:432)
	at sun.net.www.http.HttpClient.openServer(HttpClient.java:527)
	at sun.net.www.http.HttpClient.<init>(HttpClient.java:211)
	at sun.net.www.http.HttpClient.New(HttpClient.java:308)
	at sun.net.www.http.HttpClient.New(HttpClient.java:326)
	at sun.net.www.protocol.http.HttpURLConnection.getNewHttpClient(HttpURLConnection.java:1202)
	at sun.net.www.protocol.http.HttpURLConnection.plainConnect0(HttpURLConnection.java:1138)
	at sun.net.www.protocol.http.HttpURLConnection.plainConnect(HttpURLConnection.java:1032)
	at sun.net.www.protocol.http.HttpURLConnection.connect(HttpURLConnection.java:966)
	at com.github.ontio.network.rest.http.get(http.java:161)
	at com.github.ontio.network.rest.http.get(http.java:190)
	at com.github.ontio.network.rest.Interfaces.getBlockHeight(Interfaces.java:87)
	... 4 common frames omitted
[ ERROR] [2018-10-31 11:06:20] com.github.ontio.thread.BlockHandlerThread [146] - getBlockHeight error, try again...restful:http://127.0.0.1:20334,error:
com.github.ontio.network.exception.RestfulException: {"Desc":"Interfaces Error,connect error:","Error":58402}http://127.0.0.1:20334
	at com.github.ontio.network.rest.Interfaces.getBlockHeight(Interfaces.java:89)
	at com.github.ontio.network.rest.RestClient.getBlockHeight(RestClient.java:95)
	at com.github.ontio.sdk.manager.ConnectMgr.getBlockHeight(ConnectMgr.java:201)
	at com.github.ontio.thread.BlockHandlerThread.getRemoteBlockHeight(BlockHandlerThread.java:143)
	at com.github.ontio.thread.BlockHandlerThread.run(BlockHandlerThread.java:82)
Caused by: java.net.ConnectException: Connection refused (Connection refused)
	at java.net.PlainSocketImpl.socketConnect(Native Method)
	at java.net.AbstractPlainSocketImpl.doConnect(AbstractPlainSocketImpl.java:350)
	at java.net.AbstractPlainSocketImpl.connectToAddress(AbstractPlainSocketImpl.java:206)
	at java.net.AbstractPlainSocketImpl.connect(AbstractPlainSocketImpl.java:188)
	at java.net.SocksSocketImpl.connect(SocksSocketImpl.java:392)
	at java.net.Socket.connect(Socket.java:589)
	at sun.net.NetworkClient.doConnect(NetworkClient.java:175)
	at sun.net.www.http.HttpClient.openServer(HttpClient.java:432)
	at sun.net.www.http.HttpClient.openServer(HttpClient.java:527)
	at sun.net.www.http.HttpClient.<init>(HttpClient.java:211)
	at sun.net.www.http.HttpClient.New(HttpClient.java:308)
	at sun.net.www.http.HttpClient.New(HttpClient.java:326)
	at sun.net.www.protocol.http.HttpURLConnection.getNewHttpClient(HttpURLConnection.java:1202)
	at sun.net.www.protocol.http.HttpURLConnection.plainConnect0(HttpURLConnection.java:1138)
	at sun.net.www.protocol.http.HttpURLConnection.plainConnect(HttpURLConnection.java:1032)
	at sun.net.www.protocol.http.HttpURLConnection.connect(HttpURLConnection.java:966)
	at com.github.ontio.network.rest.http.get(http.java:161)
	at com.github.ontio.network.rest.http.get(http.java:190)
	at com.github.ontio.network.rest.Interfaces.getBlockHeight(Interfaces.java:87)
	... 4 common frames omitted
[ ERROR] [2018-10-31 11:06:21] com.github.ontio.thread.BlockHandlerThread [146] - getBlockHeight error, try again...restful:http://127.0.0.1:20334,error:
com.github.ontio.network.exception.RestfulException: {"Desc":"Interfaces Error,connect error:","Error":58402}http://127.0.0.1:20334
	at com.github.ontio.network.rest.Interfaces.getBlockHeight(Interfaces.java:89)
	at com.github.ontio.network.rest.RestClient.getBlockHeight(RestClient.java:95)
	at com.github.ontio.sdk.manager.ConnectMgr.getBlockHeight(ConnectMgr.java:201)
	at com.github.ontio.thread.BlockHandlerThread.getRemoteBlockHeight(BlockHandlerThread.java:143)
	at com.github.ontio.thread.BlockHandlerThread.run(BlockHandlerThread.java:82)
Caused by: java.net.ConnectException: Connection refused (Connection refused)
	at java.net.PlainSocketImpl.socketConnect(Native Method)
	at java.net.AbstractPlainSocketImpl.doConnect(AbstractPlainSocketImpl.java:350)
	at java.net.AbstractPlainSocketImpl.connectToAddress(AbstractPlainSocketImpl.java:206)
	at java.net.AbstractPlainSocketImpl.connect(AbstractPlainSocketImpl.java:188)
	at java.net.SocksSocketImpl.connect(SocksSocketImpl.java:392)
	at java.net.Socket.connect(Socket.java:589)
	at sun.net.NetworkClient.doConnect(NetworkClient.java:175)
	at sun.net.www.http.HttpClient.openServer(HttpClient.java:432)
	at sun.net.www.http.HttpClient.openServer(HttpClient.java:527)
	at sun.net.www.http.HttpClient.<init>(HttpClient.java:211)
	at sun.net.www.http.HttpClient.New(HttpClient.java:308)
	at sun.net.www.http.HttpClient.New(HttpClient.java:326)
	at sun.net.www.protocol.http.HttpURLConnection.getNewHttpClient(HttpURLConnection.java:1202)
	at sun.net.www.protocol.http.HttpURLConnection.plainConnect0(HttpURLConnection.java:1138)
	at sun.net.www.protocol.http.HttpURLConnection.plainConnect(HttpURLConnection.java:1032)
	at sun.net.www.protocol.http.HttpURLConnection.connect(HttpURLConnection.java:966)
	at com.github.ontio.network.rest.http.get(http.java:161)
	at com.github.ontio.network.rest.http.get(http.java:190)
	at com.github.ontio.network.rest.Interfaces.getBlockHeight(Interfaces.java:87)
	... 4 common frames omitted
[ ERROR] [2018-10-31 11:06:22] com.github.ontio.thread.BlockHandlerThread [146] - getBlockHeight error, try again...restful:http://127.0.0.1:20334,error:
com.github.ontio.network.exception.RestfulException: {"Desc":"Interfaces Error,connect error:","Error":58402}http://127.0.0.1:20334
	at com.github.ontio.network.rest.Interfaces.getBlockHeight(Interfaces.java:89)
	at com.github.ontio.network.rest.RestClient.getBlockHeight(RestClient.java:95)
	at com.github.ontio.sdk.manager.ConnectMgr.getBlockHeight(ConnectMgr.java:201)
	at com.github.ontio.thread.BlockHandlerThread.getRemoteBlockHeight(BlockHandlerThread.java:143)
	at com.github.ontio.thread.BlockHandlerThread.run(BlockHandlerThread.java:82)
Caused by: java.net.ConnectException: Connection refused (Connection refused)
	at java.net.PlainSocketImpl.socketConnect(Native Method)
	at java.net.AbstractPlainSocketImpl.doConnect(AbstractPlainSocketImpl.java:350)
	at java.net.AbstractPlainSocketImpl.connectToAddress(AbstractPlainSocketImpl.java:206)
	at java.net.AbstractPlainSocketImpl.connect(AbstractPlainSocketImpl.java:188)
	at java.net.SocksSocketImpl.connect(SocksSocketImpl.java:392)
	at java.net.Socket.connect(Socket.java:589)
	at sun.net.NetworkClient.doConnect(NetworkClient.java:175)
	at sun.net.www.http.HttpClient.openServer(HttpClient.java:432)
	at sun.net.www.http.HttpClient.openServer(HttpClient.java:527)
	at sun.net.www.http.HttpClient.<init>(HttpClient.java:211)
	at sun.net.www.http.HttpClient.New(HttpClient.java:308)
	at sun.net.www.http.HttpClient.New(HttpClient.java:326)
	at sun.net.www.protocol.http.HttpURLConnection.getNewHttpClient(HttpURLConnection.java:1202)
	at sun.net.www.protocol.http.HttpURLConnection.plainConnect0(HttpURLConnection.java:1138)
	at sun.net.www.protocol.http.HttpURLConnection.plainConnect(HttpURLConnection.java:1032)
	at sun.net.www.protocol.http.HttpURLConnection.connect(HttpURLConnection.java:966)
	at com.github.ontio.network.rest.http.get(http.java:161)
	at com.github.ontio.network.rest.http.get(http.java:190)
	at com.github.ontio.network.rest.Interfaces.getBlockHeight(Interfaces.java:87)
	... 4 common frames omitted
[ ERROR] [2018-10-31 11:06:23] com.github.ontio.thread.BlockHandlerThread [146] - getBlockHeight error, try again...restful:http://127.0.0.1:20334,error:
com.github.ontio.network.exception.RestfulException: {"Desc":"Interfaces Error,connect error:","Error":58402}http://127.0.0.1:20334
	at com.github.ontio.network.rest.Interfaces.getBlockHeight(Interfaces.java:89)
	at com.github.ontio.network.rest.RestClient.getBlockHeight(RestClient.java:95)
	at com.github.ontio.sdk.manager.ConnectMgr.getBlockHeight(ConnectMgr.java:201)
	at com.github.ontio.thread.BlockHandlerThread.getRemoteBlockHeight(BlockHandlerThread.java:143)
	at com.github.ontio.thread.BlockHandlerThread.run(BlockHandlerThread.java:82)
Caused by: java.net.ConnectException: Connection refused (Connection refused)
	at java.net.PlainSocketImpl.socketConnect(Native Method)
	at java.net.AbstractPlainSocketImpl.doConnect(AbstractPlainSocketImpl.java:350)
	at java.net.AbstractPlainSocketImpl.connectToAddress(AbstractPlainSocketImpl.java:206)
	at java.net.AbstractPlainSocketImpl.connect(AbstractPlainSocketImpl.java:188)
	at java.net.SocksSocketImpl.connect(SocksSocketImpl.java:392)
	at java.net.Socket.connect(Socket.java:589)
	at sun.net.NetworkClient.doConnect(NetworkClient.java:175)
	at sun.net.www.http.HttpClient.openServer(HttpClient.java:432)
	at sun.net.www.http.HttpClient.openServer(HttpClient.java:527)
	at sun.net.www.http.HttpClient.<init>(HttpClient.java:211)
	at sun.net.www.http.HttpClient.New(HttpClient.java:308)
	at sun.net.www.http.HttpClient.New(HttpClient.java:326)
	at sun.net.www.protocol.http.HttpURLConnection.getNewHttpClient(HttpURLConnection.java:1202)
	at sun.net.www.protocol.http.HttpURLConnection.plainConnect0(HttpURLConnection.java:1138)
	at sun.net.www.protocol.http.HttpURLConnection.plainConnect(HttpURLConnection.java:1032)
	at sun.net.www.protocol.http.HttpURLConnection.connect(HttpURLConnection.java:966)
	at com.github.ontio.network.rest.http.get(http.java:161)
	at com.github.ontio.network.rest.http.get(http.java:190)
	at com.github.ontio.network.rest.Interfaces.getBlockHeight(Interfaces.java:87)
	... 4 common frames omitted
[ ERROR] [2018-10-31 11:06:24] com.github.ontio.thread.BlockHandlerThread [146] - getBlockHeight error, try again...restful:http://127.0.0.1:20334,error:
com.github.ontio.network.exception.RestfulException: {"Desc":"Interfaces Error,connect error:","Error":58402}http://127.0.0.1:20334
	at com.github.ontio.network.rest.Interfaces.getBlockHeight(Interfaces.java:89)
	at com.github.ontio.network.rest.RestClient.getBlockHeight(RestClient.java:95)
	at com.github.ontio.sdk.manager.ConnectMgr.getBlockHeight(ConnectMgr.java:201)
	at com.github.ontio.thread.BlockHandlerThread.getRemoteBlockHeight(BlockHandlerThread.java:143)
	at com.github.ontio.thread.BlockHandlerThread.run(BlockHandlerThread.java:82)
Caused by: java.net.ConnectException: Connection refused (Connection refused)
	at java.net.PlainSocketImpl.socketConnect(Native Method)
	at java.net.AbstractPlainSocketImpl.doConnect(AbstractPlainSocketImpl.java:350)
	at java.net.AbstractPlainSocketImpl.connectToAddress(AbstractPlainSocketImpl.java:206)
	at java.net.AbstractPlainSocketImpl.connect(AbstractPlainSocketImpl.java:188)
	at java.net.SocksSocketImpl.connect(SocksSocketImpl.java:392)
	at java.net.Socket.connect(Socket.java:589)
	at sun.net.NetworkClient.doConnect(NetworkClient.java:175)
	at sun.net.www.http.HttpClient.openServer(HttpClient.java:432)
	at sun.net.www.http.HttpClient.openServer(HttpClient.java:527)
	at sun.net.www.http.HttpClient.<init>(HttpClient.java:211)
	at sun.net.www.http.HttpClient.New(HttpClient.java:308)
	at sun.net.www.http.HttpClient.New(HttpClient.java:326)
	at sun.net.www.protocol.http.HttpURLConnection.getNewHttpClient(HttpURLConnection.java:1202)
	at sun.net.www.protocol.http.HttpURLConnection.plainConnect0(HttpURLConnection.java:1138)
	at sun.net.www.protocol.http.HttpURLConnection.plainConnect(HttpURLConnection.java:1032)
	at sun.net.www.protocol.http.HttpURLConnection.connect(HttpURLConnection.java:966)
	at com.github.ontio.network.rest.http.get(http.java:161)
	at com.github.ontio.network.rest.http.get(http.java:190)
	at com.github.ontio.network.rest.Interfaces.getBlockHeight(Interfaces.java:87)
	... 4 common frames omitted
[ ERROR] [2018-10-31 11:06:25] com.github.ontio.thread.BlockHandlerThread [146] - getBlockHeight error, try again...restful:http://127.0.0.1:20334,error:
com.github.ontio.network.exception.RestfulException: {"Desc":"Interfaces Error,connect error:","Error":58402}http://127.0.0.1:20334
	at com.github.ontio.network.rest.Interfaces.getBlockHeight(Interfaces.java:89)
	at com.github.ontio.network.rest.RestClient.getBlockHeight(RestClient.java:95)
	at com.github.ontio.sdk.manager.ConnectMgr.getBlockHeight(ConnectMgr.java:201)
	at com.github.ontio.thread.BlockHandlerThread.getRemoteBlockHeight(BlockHandlerThread.java:143)
	at com.github.ontio.thread.BlockHandlerThread.run(BlockHandlerThread.java:82)
Caused by: java.net.ConnectException: Connection refused (Connection refused)
	at java.net.PlainSocketImpl.socketConnect(Native Method)
	at java.net.AbstractPlainSocketImpl.doConnect(AbstractPlainSocketImpl.java:350)
	at java.net.AbstractPlainSocketImpl.connectToAddress(AbstractPlainSocketImpl.java:206)
	at java.net.AbstractPlainSocketImpl.connect(AbstractPlainSocketImpl.java:188)
	at java.net.SocksSocketImpl.connect(SocksSocketImpl.java:392)
	at java.net.Socket.connect(Socket.java:589)
	at sun.net.NetworkClient.doConnect(NetworkClient.java:175)
	at sun.net.www.http.HttpClient.openServer(HttpClient.java:432)
	at sun.net.www.http.HttpClient.openServer(HttpClient.java:527)
	at sun.net.www.http.HttpClient.<init>(HttpClient.java:211)
	at sun.net.www.http.HttpClient.New(HttpClient.java:308)
	at sun.net.www.http.HttpClient.New(HttpClient.java:326)
	at sun.net.www.protocol.http.HttpURLConnection.getNewHttpClient(HttpURLConnection.java:1202)
	at sun.net.www.protocol.http.HttpURLConnection.plainConnect0(HttpURLConnection.java:1138)
	at sun.net.www.protocol.http.HttpURLConnection.plainConnect(HttpURLConnection.java:1032)
	at sun.net.www.protocol.http.HttpURLConnection.connect(HttpURLConnection.java:966)
	at com.github.ontio.network.rest.http.get(http.java:161)
	at com.github.ontio.network.rest.http.get(http.java:190)
	at com.github.ontio.network.rest.Interfaces.getBlockHeight(Interfaces.java:87)
	... 4 common frames omitted
[ ERROR] [2018-10-31 11:06:26] com.github.ontio.thread.BlockHandlerThread [146] - getBlockHeight error, try again...restful:http://127.0.0.1:20334,error:
com.github.ontio.network.exception.RestfulException: {"Desc":"Interfaces Error,connect error:","Error":58402}http://127.0.0.1:20334
	at com.github.ontio.network.rest.Interfaces.getBlockHeight(Interfaces.java:89)
	at com.github.ontio.network.rest.RestClient.getBlockHeight(RestClient.java:95)
	at com.github.ontio.sdk.manager.ConnectMgr.getBlockHeight(ConnectMgr.java:201)
	at com.github.ontio.thread.BlockHandlerThread.getRemoteBlockHeight(BlockHandlerThread.java:143)
	at com.github.ontio.thread.BlockHandlerThread.run(BlockHandlerThread.java:82)
Caused by: java.net.ConnectException: Connection refused (Connection refused)
	at java.net.PlainSocketImpl.socketConnect(Native Method)
	at java.net.AbstractPlainSocketImpl.doConnect(AbstractPlainSocketImpl.java:350)
	at java.net.AbstractPlainSocketImpl.connectToAddress(AbstractPlainSocketImpl.java:206)
	at java.net.AbstractPlainSocketImpl.connect(AbstractPlainSocketImpl.java:188)
	at java.net.SocksSocketImpl.connect(SocksSocketImpl.java:392)
	at java.net.Socket.connect(Socket.java:589)
	at sun.net.NetworkClient.doConnect(NetworkClient.java:175)
	at sun.net.www.http.HttpClient.openServer(HttpClient.java:432)
	at sun.net.www.http.HttpClient.openServer(HttpClient.java:527)
	at sun.net.www.http.HttpClient.<init>(HttpClient.java:211)
	at sun.net.www.http.HttpClient.New(HttpClient.java:308)
	at sun.net.www.http.HttpClient.New(HttpClient.java:326)
	at sun.net.www.protocol.http.HttpURLConnection.getNewHttpClient(HttpURLConnection.java:1202)
	at sun.net.www.protocol.http.HttpURLConnection.plainConnect0(HttpURLConnection.java:1138)
	at sun.net.www.protocol.http.HttpURLConnection.plainConnect(HttpURLConnection.java:1032)
	at sun.net.www.protocol.http.HttpURLConnection.connect(HttpURLConnection.java:966)
	at com.github.ontio.network.rest.http.get(http.java:161)
	at com.github.ontio.network.rest.http.get(http.java:190)
	at com.github.ontio.network.rest.Interfaces.getBlockHeight(Interfaces.java:87)
	... 4 common frames omitted
[ WARN ] [2018-10-31 11:06:26] com.github.ontio.thread.BlockHandlerThread [248] - ####switch node restfulurl to http://127.0.0.1:20334####
[ ERROR] [2018-10-31 11:06:26] com.github.ontio.thread.BlockHandlerThread [146] - getBlockHeight error, try again...restful:http://127.0.0.1:20334,error:
com.github.ontio.network.exception.RestfulException: {"Desc":"Interfaces Error,connect error:","Error":58402}http://127.0.0.1:20334
	at com.github.ontio.network.rest.Interfaces.getBlockHeight(Interfaces.java:89)
	at com.github.ontio.network.rest.RestClient.getBlockHeight(RestClient.java:95)
	at com.github.ontio.sdk.manager.ConnectMgr.getBlockHeight(ConnectMgr.java:201)
	at com.github.ontio.thread.BlockHandlerThread.getRemoteBlockHeight(BlockHandlerThread.java:143)
	at com.github.ontio.thread.BlockHandlerThread.run(BlockHandlerThread.java:82)
Caused by: java.net.ConnectException: Connection refused (Connection refused)
	at java.net.PlainSocketImpl.socketConnect(Native Method)
	at java.net.AbstractPlainSocketImpl.doConnect(AbstractPlainSocketImpl.java:350)
	at java.net.AbstractPlainSocketImpl.connectToAddress(AbstractPlainSocketImpl.java:206)
	at java.net.AbstractPlainSocketImpl.connect(AbstractPlainSocketImpl.java:188)
	at java.net.SocksSocketImpl.connect(SocksSocketImpl.java:392)
	at java.net.Socket.connect(Socket.java:589)
	at sun.net.NetworkClient.doConnect(NetworkClient.java:175)
	at sun.net.www.http.HttpClient.openServer(HttpClient.java:432)
	at sun.net.www.http.HttpClient.openServer(HttpClient.java:527)
	at sun.net.www.http.HttpClient.<init>(HttpClient.java:211)
	at sun.net.www.http.HttpClient.New(HttpClient.java:308)
	at sun.net.www.http.HttpClient.New(HttpClient.java:326)
	at sun.net.www.protocol.http.HttpURLConnection.getNewHttpClient(HttpURLConnection.java:1202)
	at sun.net.www.protocol.http.HttpURLConnection.plainConnect0(HttpURLConnection.java:1138)
	at sun.net.www.protocol.http.HttpURLConnection.plainConnect(HttpURLConnection.java:1032)
	at sun.net.www.protocol.http.HttpURLConnection.connect(HttpURLConnection.java:966)
	at com.github.ontio.network.rest.http.get(http.java:161)
	at com.github.ontio.network.rest.http.get(http.java:190)
	at com.github.ontio.network.rest.Interfaces.getBlockHeight(Interfaces.java:87)
	... 4 common frames omitted
[ ERROR] [2018-10-31 11:06:27] com.github.ontio.thread.BlockHandlerThread [146] - getBlockHeight error, try again...restful:http://127.0.0.1:20334,error:
com.github.ontio.network.exception.RestfulException: {"Desc":"Interfaces Error,connect error:","Error":58402}http://127.0.0.1:20334
	at com.github.ontio.network.rest.Interfaces.getBlockHeight(Interfaces.java:89)
	at com.github.ontio.network.rest.RestClient.getBlockHeight(RestClient.java:95)
	at com.github.ontio.sdk.manager.ConnectMgr.getBlockHeight(ConnectMgr.java:201)
	at com.github.ontio.thread.BlockHandlerThread.getRemoteBlockHeight(BlockHandlerThread.java:143)
	at com.github.ontio.thread.BlockHandlerThread.run(BlockHandlerThread.java:82)
Caused by: java.net.ConnectException: Connection refused (Connection refused)
	at java.net.PlainSocketImpl.socketConnect(Native Method)
	at java.net.AbstractPlainSocketImpl.doConnect(AbstractPlainSocketImpl.java:350)
	at java.net.AbstractPlainSocketImpl.connectToAddress(AbstractPlainSocketImpl.java:206)
	at java.net.AbstractPlainSocketImpl.connect(AbstractPlainSocketImpl.java:188)
	at java.net.SocksSocketImpl.connect(SocksSocketImpl.java:392)
	at java.net.Socket.connect(Socket.java:589)
	at sun.net.NetworkClient.doConnect(NetworkClient.java:175)
	at sun.net.www.http.HttpClient.openServer(HttpClient.java:432)
	at sun.net.www.http.HttpClient.openServer(HttpClient.java:527)
	at sun.net.www.http.HttpClient.<init>(HttpClient.java:211)
	at sun.net.www.http.HttpClient.New(HttpClient.java:308)
	at sun.net.www.http.HttpClient.New(HttpClient.java:326)
	at sun.net.www.protocol.http.HttpURLConnection.getNewHttpClient(HttpURLConnection.java:1202)
	at sun.net.www.protocol.http.HttpURLConnection.plainConnect0(HttpURLConnection.java:1138)
	at sun.net.www.protocol.http.HttpURLConnection.plainConnect(HttpURLConnection.java:1032)
	at sun.net.www.protocol.http.HttpURLConnection.connect(HttpURLConnection.java:966)
	at com.github.ontio.network.rest.http.get(http.java:161)
	at com.github.ontio.network.rest.http.get(http.java:190)
	at com.github.ontio.network.rest.Interfaces.getBlockHeight(Interfaces.java:87)
	... 4 common frames omitted
[ ERROR] [2018-10-31 11:06:28] com.github.ontio.thread.BlockHandlerThread [146] - getBlockHeight error, try again...restful:http://127.0.0.1:20334,error:
com.github.ontio.network.exception.RestfulException: {"Desc":"Interfaces Error,connect error:","Error":58402}http://127.0.0.1:20334
	at com.github.ontio.network.rest.Interfaces.getBlockHeight(Interfaces.java:89)
	at com.github.ontio.network.rest.RestClient.getBlockHeight(RestClient.java:95)
	at com.github.ontio.sdk.manager.ConnectMgr.getBlockHeight(ConnectMgr.java:201)
	at com.github.ontio.thread.BlockHandlerThread.getRemoteBlockHeight(BlockHandlerThread.java:143)
	at com.github.ontio.thread.BlockHandlerThread.run(BlockHandlerThread.java:82)
Caused by: java.net.ConnectException: Connection refused (Connection refused)
	at java.net.PlainSocketImpl.socketConnect(Native Method)
	at java.net.AbstractPlainSocketImpl.doConnect(AbstractPlainSocketImpl.java:350)
	at java.net.AbstractPlainSocketImpl.connectToAddress(AbstractPlainSocketImpl.java:206)
	at java.net.AbstractPlainSocketImpl.connect(AbstractPlainSocketImpl.java:188)
	at java.net.SocksSocketImpl.connect(SocksSocketImpl.java:392)
	at java.net.Socket.connect(Socket.java:589)
	at sun.net.NetworkClient.doConnect(NetworkClient.java:175)
	at sun.net.www.http.HttpClient.openServer(HttpClient.java:432)
	at sun.net.www.http.HttpClient.openServer(HttpClient.java:527)
	at sun.net.www.http.HttpClient.<init>(HttpClient.java:211)
	at sun.net.www.http.HttpClient.New(HttpClient.java:308)
	at sun.net.www.http.HttpClient.New(HttpClient.java:326)
	at sun.net.www.protocol.http.HttpURLConnection.getNewHttpClient(HttpURLConnection.java:1202)
	at sun.net.www.protocol.http.HttpURLConnection.plainConnect0(HttpURLConnection.java:1138)
	at sun.net.www.protocol.http.HttpURLConnection.plainConnect(HttpURLConnection.java:1032)
	at sun.net.www.protocol.http.HttpURLConnection.connect(HttpURLConnection.java:966)
	at com.github.ontio.network.rest.http.get(http.java:161)
	at com.github.ontio.network.rest.http.get(http.java:190)
	at com.github.ontio.network.rest.Interfaces.getBlockHeight(Interfaces.java:87)
	... 4 common frames omitted
[ ERROR] [2018-10-31 11:06:29] com.github.ontio.thread.BlockHandlerThread [146] - getBlockHeight error, try again...restful:http://127.0.0.1:20334,error:
com.github.ontio.network.exception.RestfulException: {"Desc":"Interfaces Error,connect error:","Error":58402}http://127.0.0.1:20334
	at com.github.ontio.network.rest.Interfaces.getBlockHeight(Interfaces.java:89)
	at com.github.ontio.network.rest.RestClient.getBlockHeight(RestClient.java:95)
	at com.github.ontio.sdk.manager.ConnectMgr.getBlockHeight(ConnectMgr.java:201)
	at com.github.ontio.thread.BlockHandlerThread.getRemoteBlockHeight(BlockHandlerThread.java:143)
	at com.github.ontio.thread.BlockHandlerThread.run(BlockHandlerThread.java:82)
Caused by: java.net.ConnectException: Connection refused (Connection refused)
	at java.net.PlainSocketImpl.socketConnect(Native Method)
	at java.net.AbstractPlainSocketImpl.doConnect(AbstractPlainSocketImpl.java:350)
	at java.net.AbstractPlainSocketImpl.connectToAddress(AbstractPlainSocketImpl.java:206)
	at java.net.AbstractPlainSocketImpl.connect(AbstractPlainSocketImpl.java:188)
	at java.net.SocksSocketImpl.connect(SocksSocketImpl.java:392)
	at java.net.Socket.connect(Socket.java:589)
	at sun.net.NetworkClient.doConnect(NetworkClient.java:175)
	at sun.net.www.http.HttpClient.openServer(HttpClient.java:432)
	at sun.net.www.http.HttpClient.openServer(HttpClient.java:527)
	at sun.net.www.http.HttpClient.<init>(HttpClient.java:211)
	at sun.net.www.http.HttpClient.New(HttpClient.java:308)
	at sun.net.www.http.HttpClient.New(HttpClient.java:326)
	at sun.net.www.protocol.http.HttpURLConnection.getNewHttpClient(HttpURLConnection.java:1202)
	at sun.net.www.protocol.http.HttpURLConnection.plainConnect0(HttpURLConnection.java:1138)
	at sun.net.www.protocol.http.HttpURLConnection.plainConnect(HttpURLConnection.java:1032)
	at sun.net.www.protocol.http.HttpURLConnection.connect(HttpURLConnection.java:966)
	at com.github.ontio.network.rest.http.get(http.java:161)
	at com.github.ontio.network.rest.http.get(http.java:190)
	at com.github.ontio.network.rest.Interfaces.getBlockHeight(Interfaces.java:87)
	... 4 common frames omitted
[ INFO ] [2018-10-31 11:06:30] org.springframework.boot.web.servlet.context.AnnotationConfigServletWebServerApplicationContext [993] - Closing org.springframework.boot.web.servlet.context.AnnotationConfigServletWebServerApplicationContext@384ad17b: startup date [Wed Oct 31 11:06:15 CST 2018]; root of context hierarchy
[ INFO ] [2018-10-31 11:06:30] org.springframework.jmx.export.annotation.AnnotationMBeanExporter [451] - Unregistering JMX-exposed beans on shutdown
[ INFO ] [2018-10-31 11:06:30] org.springframework.jmx.export.annotation.AnnotationMBeanExporter [183] - Unregistering JMX-exposed beans
[ INFO ] [2018-10-31 11:06:30] org.springframework.scheduling.concurrent.ThreadPoolTaskExecutor [208] - Shutting down ExecutorService 'taskExecutor'
